<?xml version="1.0" encoding="UTF-8"?><testsuite errors="0" failures="0" name="Rap Name generator" skipped="0" tests="6" time="62.3" timestamp="2021-05-24 01:57:52"><testcase name="User views error when try to generate rap name without entering fist name"/><testcase name="User can generate Rap Name with only first name"/><testcase name="User views New Rap Name when select nick name and submit name for male"/><testcase name="User views New Rap Name each time when submit name for female with last initial"/></testsuite>